16:06:25 **** Incremental Build of configuration Debug for project BeerPong ****
"C:\\Infineon\\Tools\\ModusToolbox\\tools_2.4\\modus-shell\\bin\\make" CY_MAKE_IDE=eclipse CY_MAKE_IDE_VERSION=2.4 CY_IDE_TOOLS_DIR=C:/Infineon/Tools/ModusToolbox/tools_2.4 -j8 all 
Tools Directory: C:/Infineon/Tools/ModusToolbox/tools_2.4
CY8CPROTO-062-4343W.mk: ./libs/TARGET_CY8CPROTO-062-4343W/CY8CPROTO-062-4343W.mk
Log file= "C:/Users/jonas/AppData/Local/Temp/device-configurator-cli/device-configurator-cli-20211204.160635.169-27868.log"
Command line= "C:/Infineon/Tools/ModusToolbox/tools_2.4/device-configurator/device-configurator-cli.exe --library ../mtb_shared/mtb-pdl-cat1/release-v2.3.1/devicesupport.xml --build ./libs/TARGET_CY8CPROTO-062-4343W/COMPONENT_BSP_DESIGN_MODUS/design.modus --check-mcu=CY8C624ABZI-S2D44 --check-coprocessors=CYW4343WKUBG --readonly --skip-build"

Prebuild operations complete
Commencing build operations...

Tools Directory: C:/Infineon/Tools/ModusToolbox/tools_2.4
CY8CPROTO-062-4343W.mk: ./libs/TARGET_CY8CPROTO-062-4343W/CY8CPROTO-062-4343W.mk

Initializing build: mtb-example-anycloud-mqtt-client Debug CY8CPROTO-062-4343W GCC_ARM

Auto-discovery in progress...
-> Found 457 .c file(s)
-> Found 46 .S file(s)
-> Found 25 .s file(s)
-> Found 1 .cpp file(s)
-> Found 0 .o file(s)
-> Found 6 .a file(s)
-> Found 939 .h file(s)
-> Found 0 .hpp file(s)
-> Found 0 resource file(s)
Applying filters...
Auto-discovery complete

Constructing build rules...
Build rules construction complete

==============================================================================
= Building application =
==============================================================================
Generating compilation database file...
-> ./build/compile_commands.json
Compilation database file generation complete
Building 398 file(s)
Compiling source/subscriber_task.c -DMBEDTLS_USER_CONFIG_FILE='"mbedtls_user_config.h"' -DCYBSP_WIFI_CAPABLE -DCY_RETARGET_IO_CONVERT_LF_TO_CRLF -DCY_WIFI_HOST_WAKE_SW_FORCE=0 -DCY_USING_HAL -DCY_APPNAME_mtb_example_anycloud_mqtt_client -DCY8C624ABZI_S2D44 -DCY_TARGET_DEVICE=CY8C624ABZI_S2D44 -DTARGET_CY8CPROTO_062_4343W -DCY_TARGET_BOARD=CY8CPROTO_062_4343W -DCOMPONENT_4343W -DCOMPONENT_BSP_DESIGN_MODUS -DCOMPONENT_CAT1 -DCOMPONENT_CAT1A -DCOMPONENT_CM0P_SLEEP -DCOMPONENT_CM4 -DCOMPONENT_CY8CPROTO_062_4343W -DCOMPONENT_FREERTOS -DCOMPONENT_HCI_UART -DCOMPONENT_LWIP -DCOMPONENT_MBEDTLS -DCOMPONENT_MURATA_1DX -DCOMPONENT_PSOC6HAL -DCOMPONENT_RTOS_AWARE -DCOMPONENT_SECURE_SOCKETS -DCOMPONENT_SOFTFP -DDEBUG  -DCY_SUPPORTS_DEVICE_VALIDATION -I. -I../mtb_shared/abstraction-rtos/release-v1.5.0 -I../mtb_shared/abstraction-rtos/release-v1.5.0/include -I../mtb_shared/abstraction-rtos/release-v1.5.0/include/COMPONENT_FREERTOS -I../mtb_shared/abstraction-rtos/release-v1.5.0/include/Template -I../mtb_shared/aws-iot-device-sdk-embedded-C/202103.00 -I../mtb_shared/aws-iot-device-sdk-embedded-C/202103.00/libraries -I../mtb_shared/aws-iot-device-sdk-embedded-C/202103.00/libraries/standard -I../mtb_shared/aws-iot-device-sdk-embedded-C/202103.00/libraries/standard/backoffAlgorithm -I../mtb_shared/aws-iot-device-sdk-embedded-C/202103.00/libraries/standard/backoffAlgorithm/source -I../mtb_shared/aws-iot-device-sdk-embedded-C/202103.00/libraries/standard/backoffAlgorithm/source/include -I../mtb_shared/aws-iot-device-sdk-embedded-C/202103.00/libraries/standard/coreJSON -I../mtb_shared/aws-iot-device-sdk-embedded-C/202103.00/libraries/standard/coreJSON/source -I../mtb_shared/aws-iot-device-sdk-embedded-C/202103.00/libraries/standard/coreJSON/source/include -I../mtb_shared/aws-iot-device-sdk-embedded-C/202103.00/libraries/standard/coreMQTT -I../mtb_shared/aws-iot-device-sdk-embedded-C/202103.00/libraries/standard/coreMQTT/source -I../mtb_shared/aws-iot-device-sdk-embedded-C/202103.00/libraries/standard/coreMQTT/source/include -I../mtb_shared/aws-iot-device-sdk-embedded-C/202103.00/libraries/standard/coreMQTT/source/interface -I../mtb_shared/aws-iot-device-sdk-embedded-C/202103.00/libraries/standard/corePKCS11 -I../mtb_shared/aws-iot-device-sdk-embedded-C/202103.00/libraries/standard/corePKCS11/source -I../mtb_shared/aws-iot-device-sdk-embedded-C/202103.00/libraries/standard/corePKCS11/source/dependency -I../mtb_shared/aws-iot-device-sdk-embedded-C/202103.00/libraries/standard/corePKCS11/source/dependency/3rdparty -I../mtb_shared/aws-iot-device-sdk-embedded-C/202103.00/libraries/standard/corePKCS11/source/dependency/3rdparty/mbedtls_utils -I../mtb_shared/aws-iot-device-sdk-embedded-C/202103.00/libraries/standard/corePKCS11/source/dependency/3rdparty/pkcs11 -I../mtb_shared/aws-iot-device-sdk-embedded-C/202103.00/libraries/standard/corePKCS11/source/include -I../mtb_shared/aws-iot-device-sdk-embedded-C/202103.00/platform -I../mtb_shared/aws-iot-device-sdk-embedded-C/202103.00/platform/include -I../mtb_shared/aws-iot-device-sdk-port/release-v2.0.0 -I../mtb_shared/aws-iot-device-sdk-port/release-v2.0.0/include -I../mtb_shared/aws-iot-device-sdk-port/release-v2.0.0/source -I../mtb_shared/aws-iot-device-sdk-port/release-v2.0.0/source/include -I../mtb_shared/capsense/release-v2.10.0 -I../mtb_shared/clib-support/release-v1.1.0 -I../mtb_shared/clib-support/release-v1.1.0/TOOLCHAIN_GCC_ARM -I../mtb_shared/connectivity-utilities/release-v3.0.3 -I../mtb_shared/connectivity-utilities/release-v3.0.3/JSON_parser -I../mtb_shared/connectivity-utilities/release-v3.0.3/cy_log -I../mtb_shared/connectivity-utilities/release-v3.0.3/cy_string -I../mtb_shared/connectivity-utilities/release-v3.0.3/linked_list -I../mtb_shared/connectivity-utilities/release-v3.0.3/network -I../mtb_shared/core-lib/release-v1.3.0 -I../mtb_shared/core-lib/release-v1.3.0/include -I../mtb_shared/freertos/release-v10.4.3 -I../mtb_shared/freertos/release-v10.4.3/Source -I../mtb_shared/freertos/release-v10.4.3/Source/include -I../mtb_shared/freertos/release-v10.4.3/Source/portable -I../mtb_shared/freertos/release-v10.4.3/Source/portable/COMPONENT_CM4 -I../mtb_shared/freertos/release-v10.4.3/Source/portable/COMPONENT_CM4/TOOLCHAIN_GCC_ARM -I../mtb_shared/lwip/STABLE-2_1_2_RELEASE -I../mtb_shared/lwip/STABLE-2_1_2_RELEASE/src -I../mtb_shared/lwip/STABLE-2_1_2_RELEASE/src/include -I../mtb_shared/lwip/STABLE-2_1_2_RELEASE/src/include/compat -I../mtb_shared/lwip/STABLE-2_1_2_RELEASE/src/include/compat/posix -I../mtb_shared/lwip/STABLE-2_1_2_RELEASE/src/include/compat/posix/arpa -I../mtb_shared/lwip/STABLE-2_1_2_RELEASE/src/include/compat/posix/net -I../mtb_shared/lwip/STABLE-2_1_2_RELEASE/src/include/compat/posix/sys -I../mtb_shared/lwip/STABLE-2_1_2_RELEASE/src/include/compat/stdc -I../mtb_shared/lwip/STABLE-2_1_2_RELEASE/src/include/lwip -I../mtb_shared/lwip/STABLE-2_1_2_RELEASE/src/include/lwip/apps -I../mtb_shared/lwip/STABLE-2_1_2_RELEASE/src/include/lwip/priv -I../mtb_shared/lwip/STABLE-2_1_2_RELEASE/src/include/lwip/prot -I../mtb_shared/lwip/STABLE-2_1_2_RELEASE/src/include/netif -I../mtb_shared/lwip/STABLE-2_1_2_RELEASE/src/include/netif/ppp -I../mtb_shared/lwip/STABLE-2_1_2_RELEASE/src/include/netif/ppp/polarssl -I../mtb_shared/mbedtls/mbedtls-2.25.0 -I../mtb_shared/mbedtls/mbedtls-2.25.0/include -I../mtb_shared/mbedtls/mbedtls-2.25.0/include/mbedtls -I../mtb_shared/mbedtls/mbedtls-2.25.0/include/psa -I../mtb_shared/mbedtls/mbedtls-2.25.0/library -I../mtb_shared/mqtt/release-v3.2.0 -I../mtb_shared/mqtt/release-v3.2.0/include -I../mtb_shared/mtb-hal-cat1/release-v1.6.0 -I../mtb_shared/mtb-hal-cat1/release-v1.6.0/COMPONENT_PSOC6HAL -I../mtb_shared/mtb-hal-cat1/release-v1.6.0/COMPONENT_PSOC6HAL/COMPONENT_CAT1A -I../mtb_shared/mtb-hal-cat1/release-v1.6.0/COMPONENT_PSOC6HAL/COMPONENT_CAT1A/include -I../mtb_shared/mtb-hal-cat1/release-v1.6.0/COMPONENT_PSOC6HAL/COMPONENT_CAT1A/include/pin_packages -I../mtb_shared/mtb-hal-cat1/release-v1.6.0/COMPONENT_PSOC6HAL/COMPONENT_CAT1A/include/triggers -I../mtb_shared/mtb-hal-cat1/release-v1.6.0/COMPONENT_PSOC6HAL/include -I../mtb_shared/mtb-hal-cat1/release-v1.6.0/COMPONENT_PSOC6HAL/source -I../mtb_shared/mtb-hal-cat1/release-v1.6.0/include -I../mtb_shared/mtb-pdl-cat1/release-v2.3.1 -I../mtb_shared/mtb-pdl-cat1/release-v2.3.1/cmsis -I../mtb_shared/mtb-pdl-cat1/release-v2.3.1/cmsis/include -I../mtb_shared/mtb-pdl-cat1/release-v2.3.1/devices -I../mtb_shared/mtb-pdl-cat1/release-v2.3.1/devices/COMPONENT_CAT1A -I../mtb_shared/mtb-pdl-cat1/release-v2.3.1/devices/COMPONENT_CAT1A/include -I../mtb_shared/mtb-pdl-cat1/release-v2.3.1/devices/COMPONENT_CAT1A/include/ip -I../mtb_shared/mtb-pdl-cat1/release-v2.3.1/drivers -I../mtb_shared/mtb-pdl-cat1/release-v2.3.1/drivers/include -I../mtb_shared/retarget-io/release-v1.3.0 -I../mtb_shared/secure-sockets/release-v2.3.0 -I../mtb_shared/secure-sockets/release-v2.3.0/include -I../mtb_shared/secure-sockets/release-v2.3.0/include/COMPONENT_FREERTOS -I../mtb_shared/secure-sockets/release-v2.3.0/source -I../mtb_shared/whd-bsp-integration/release-v2.0.0 -I../mtb_shared/wifi-connection-manager/release-v2.0.4 -I../mtb_shared/wifi-connection-manager/release-v2.0.4/include -I../mtb_shared/wifi-connection-manager/release-v2.0.4/source -I../mtb_shared/wifi-connection-manager/release-v2.0.4/source/COMPONENT_4343W -I../mtb_shared/wifi-connection-manager/release-v2.0.4/source/COMPONENT_MBEDTLS -I../mtb_shared/wifi-host-driver/release-v2.0.0 -I../mtb_shared/wifi-host-driver/release-v2.0.0/WiFi_Host_Driver -I../mtb_shared/wifi-host-driver/release-v2.0.0/WiFi_Host_Driver/inc -I../mtb_shared/wifi-host-driver/release-v2.0.0/WiFi_Host_Driver/resources -I../mtb_shared/wifi-host-driver/release-v2.0.0/WiFi_Host_Driver/resources/clm -I../mtb_shared/wifi-host-driver/release-v2.0.0/WiFi_Host_Driver/resources/clm/COMPONENT_4343W -I../mtb_shared/wifi-host-driver/release-v2.0.0/WiFi_Host_Driver/resources/firmware -I../mtb_shared/wifi-host-driver/release-v2.0.0/WiFi_Host_Driver/resources/firmware/COMPONENT_4343W -I../mtb_shared/wifi-host-driver/release-v2.0.0/WiFi_Host_Driver/resources/nvram -I../mtb_shared/wifi-host-driver/release-v2.0.0/WiFi_Host_Driver/resources/nvram/COMPONENT_4343W -I../mtb_shared/wifi-host-driver/release-v2.0.0/WiFi_Host_Driver/resources/nvram/COMPONENT_4343W/COMPONENT_MURATA-1DX -I../mtb_shared/wifi-host-driver/release-v2.0.0/WiFi_Host_Driver/resources/resource_imp -I../mtb_shared/wifi-host-driver/release-v2.0.0/WiFi_Host_Driver/src -I../mtb_shared/wifi-host-driver/release-v2.0.0/WiFi_Host_Driver/src/bus_protocols -I../mtb_shared/wifi-host-driver/release-v2.0.0/WiFi_Host_Driver/src/include -I../mtb_shared/wifi-mw-core/release-v3.1.1 -I../mtb_shared/wifi-mw-core/release-v3.1.1/configs -I../mtb_shared/wifi-mw-core/release-v3.1.1/lwip-whd-port -I../mtb_shared/wifi-mw-core/release-v3.1.1/lwip-whd-port/COMPONENT_FREERTOS -I../mtb_shared/wifi-mw-core/release-v3.1.1/lwip-whd-port/COMPONENT_FREERTOS/arch -I./configs -I./libs -I./libs/TARGET_CY8CPROTO-062-4343W -I./libs/TARGET_CY8CPROTO-062-4343W/COMPONENT_BSP_DESIGN_MODUS -I./libs/TARGET_CY8CPROTO-062-4343W/COMPONENT_BSP_DESIGN_MODUS/GeneratedSource -I./libs/TARGET_CY8CPROTO-062-4343W/bluetooth -I./source
source/subscriber_task.c: In function 'mqtt_subscription_callback':
source/subscriber_task.c:356:32: warning: assignment discards 'const' qualifier from pointer target type [-Wdiscarded-qualifiers]
  356 |         subscriber_q_data.data = received_msg;
      |                                ^
    Linking output file mtb-example-anycloud-mqtt-client.elf
==============================================================================
= Build complete =
==============================================================================

Calculating memory consumption: CY8C624ABZI-S2D44 GCC_ARM -Og

   ---------------------------------------------------- 
  | Section Name         |  Address      |  Size       | 
   ---------------------------------------------------- 
  | .cy_m0p_image        |  0x10000000   |  6224       | 
  | .text                |  0x10002000   |  882216     | 
  | .ARM.exidx           |  0x100d9628   |  8          | 
  | .copy.table          |  0x100d9630   |  24         | 
  | .zero.table          |  0x100d9648   |  8          | 
  | .data                |  0x080022e0   |  2296       | 
  | .cy_sharedmem        |  0x08002bd8   |  8          | 
  | .noinit              |  0x08002be0   |  148        | 
  | .bss                 |  0x08002c74   |  66392      | 
  | .heap                |  0x08012fd0   |  964656     | 
   ---------------------------------------------------- 

  Total Internal Flash (Available)          2097152    
  Total Internal Flash (Utilized)           892760     

  Total Internal SRAM (Available)           1046528    
  Total Internal SRAM (Utilized with heap)  1033500    

  

16:06:52 Build Finished. 0 errors, 1 warnings. (took 27s.700ms)

